<?xml version="1.0" encoding="UTF-8"?>
<testsuites>
  <testsuite name="args test suite" tests="1" assertions="1" failures="0" errors="0" time="0.000000">
    <testsuite name="Tests\ArgsTest" file="D:\spark\www\code-katas\Args\tests\ArgsTest.php" tests="1" assertions="1" failures="0" errors="0" time="0.000000">
      <testcase name="testX" class="Tests\ArgsTest" file="D:\spark\www\code-katas\Args\tests\ArgsTest.php" line="7" assertions="1" time="0.000000"/>
    </testsuite>
  </testsuite>
</testsuites>
